  
  F:\VisualStudioProjects\Parallel Project\CUDAProject\Renderer\Renderer>"C:\Program Files\NVIDIA GPU Computing Toolkit\CUDA\v9.0\bin\nvcc.exe" -ccbin "C:\Program Files (x86)\Microsoft Visual Studio 14.0\VC\bin\x86_amd64" -x cu  -I"C:\Program Files\NVIDIA GPU Computing Toolkit\CUDA\v9.0\include" -I"C:\Program Files\NVIDIA GPU Computing Toolkit\CUDA\v9.0\include"  -G   --keep-dir x64\Debug -maxrregcount=0  --machine 64 --compile   -g   -DWIN32 -DWIN64 -D_DEBUG -D_CONSOLE -D_MBCS -Xcompiler "/EHsc /W3 /nologo  /FS /Zi /RTC1 /MDd " -o x64\Debug\erosion_kernel.cu.obj "F:\VisualStudioProjects\Parallel Project\CUDAProject\Renderer\Renderer\erosion_kernel.cu" -clean 
  erosion_kernel.cu
  Compiling CUDA source file erosion_kernel.cu...
  
  F:\VisualStudioProjects\Parallel Project\CUDAProject\Renderer\Renderer>"C:\Program Files\NVIDIA GPU Computing Toolkit\CUDA\v9.0\bin\nvcc.exe" -gencode=arch=compute_30,code=\"sm_30,compute_30\" --use-local-env --cl-version 2015 -ccbin "C:\Program Files (x86)\Microsoft Visual Studio 14.0\VC\bin\x86_amd64" -x cu  -I"C:\Program Files\NVIDIA GPU Computing Toolkit\CUDA\v9.0\include" -I"C:\Program Files\NVIDIA GPU Computing Toolkit\CUDA\v9.0\include"  -G   --keep-dir x64\Debug -maxrregcount=0  --machine 64 --compile -cudart static  -g   -DWIN32 -DWIN64 -D_DEBUG -D_CONSOLE -D_MBCS -Xcompiler "/EHsc /W3 /nologo  /FS /Zi /RTC1 /MDd " -o x64\Debug\erosion_kernel.cu.obj "F:\VisualStudioProjects\Parallel Project\CUDAProject\Renderer\Renderer\erosion_kernel.cu" 
  erosion_kernel.cu
  open_gl_utils.cpp
  FastNoise.cpp
  main.cpp
f:\visualstudioprojects\parallel project\cudaproject\renderer\renderer\main.cpp(122): warning C4244: 'return': conversion from 'double' to 'float', possible loss of data
f:\visualstudioprojects\parallel project\cudaproject\renderer\renderer\main.cpp(126): warning C4244: 'initializing': conversion from 'double' to 'float', possible loss of data
f:\visualstudioprojects\parallel project\cudaproject\renderer\renderer\main.cpp(144): warning C4244: 'initializing': conversion from 'double' to 'float', possible loss of data
f:\visualstudioprojects\parallel project\cudaproject\renderer\renderer\main.cpp(149): warning C4244: 'initializing': conversion from 'double' to 'float', possible loss of data
f:\visualstudioprojects\parallel project\cudaproject\renderer\renderer\main.cpp(153): warning C4244: 'return': conversion from 'int' to 'float', possible loss of data
f:\visualstudioprojects\parallel project\cudaproject\renderer\renderer\main.cpp(155): warning C4244: 'argument': conversion from 'int' to 'FN_DECIMAL', possible loss of data
  cuda_utils.cpp
  Generating Code...
  Renderer.vcxproj -> F:\VisualStudioProjects\Parallel Project\CUDAProject\Renderer\x64\Debug\Renderer.exe
  Renderer.vcxproj -> F:\VisualStudioProjects\Parallel Project\CUDAProject\Renderer\x64\Debug\Renderer.pdb (Full PDB)
  copy "C:\Program Files\NVIDIA GPU Computing Toolkit\CUDA\v9.0\bin\cudart*.dll" "F:\VisualStudioProjects\Parallel Project\CUDAProject\Renderer\x64\Debug\"
  C:\Program Files\NVIDIA GPU Computing Toolkit\CUDA\v9.0\bin\cudart32_90.dll
  C:\Program Files\NVIDIA GPU Computing Toolkit\CUDA\v9.0\bin\cudart64_90.dll
          2 file(s) copied.
